<html>
<head>
<title>TestNG:  Surefire test</title>
<link href="../testng.css" rel="stylesheet" type="text/css" />
<link href="../my-testng.css" rel="stylesheet" type="text/css" />

<style type="text/css">
.log { display: none;} 
.stack-trace { display: none;} 
</style>
<script type="text/javascript">
<!--
function flip(e) {
  current = e.style.display;
  if (current == 'block') {
    e.style.display = 'none';
    return 0;
  }
  else {
    e.style.display = 'block';
    return 1;
  }
}

function toggleBox(szDivId, elem, msg1, msg2)
{
  var res = -1;  if (document.getElementById) {
    res = flip(document.getElementById(szDivId));
  }
  else if (document.all) {
    // this is the way old msie versions work
    res = flip(document.all[szDivId]);
  }
  if(elem) {
    if(res == 0) elem.innerHTML = msg1; else elem.innerHTML = msg2;
  }

}

function toggleAllBoxes() {
  if (document.getElementsByTagName) {
    d = document.getElementsByTagName('div');
    for (i = 0; i < d.length; i++) {
      if (d[i].className == 'log') {
        flip(d[i]);
      }
    }
  }
}

// -->
</script>

</head>
<body>
<h2 align='center'>Surefire test</h2><table border='1' align="center">
<tr>
<td>Tests passed/Failed/Skipped:</td><td>11/2/3</td>
</tr><tr>
<td>Started on:</td><td>Mon Mar 20 22:42:26 IST 2023</td>
</tr>
<tr><td>Total time:</td><td>243 seconds (243554 ms)</td>
</tr><tr>
<td>Included groups:</td><td></td>
</tr><tr>
<td>Excluded groups:</td><td></td>
</tr>
</table><p/>
<small><i>(Hover the method name to see the test class name)</i></small><p/>
<table width='100%' border='1' class='invocation-failed'>
<tr><td colspan='4' align='center'><b>FAILED TESTS</b></td></tr>
<tr><td><b>Test method</b></td>
<td><b>Attribute(s)</b></td>
<td width="30%"><b>Exception</b></td>
<td width="10%"><b>Time (seconds)</b></td>
<td><b>Instance</b></td>
</tr>
<tr>
<td title='vtiger.ContactsTest.POMCreateContactsWithOrgTest.regional()'><b>regional</b><br>Test class: vtiger.ContactsTest.POMCreateContactsWithOrgTest</td>
<td><div><pre>java.lang.AssertionError: null
	at vtiger.ContactsTest.POMCreateContactsWithOrgTest.regional(POMCreateContactsWithOrgTest.java:86)
	at java.base/java.util.ArrayList.forEach(ArrayList.java:1511)
... Removed 34 stack frames</pre></div><a href='#' onClick='toggleBox("stack-trace2106390956", this, "Click to show all stack frames", "Click to hide stack frames")'>Click to show all stack frames</a>
<div class='stack-trace' id='stack-trace2106390956'><pre>java.lang.AssertionError: null
	at org.testng.Assert.fail(Assert.java:110)
	at org.testng.Assert.fail(Assert.java:115)
	at vtiger.ContactsTest.POMCreateContactsWithOrgTest.regional(POMCreateContactsWithOrgTest.java:86)
	at java.base/jdk.internal.reflect.NativeMethodAccessorImpl.invoke0(Native Method)
	at java.base/jdk.internal.reflect.NativeMethodAccessorImpl.invoke(NativeMethodAccessorImpl.java:77)
	at java.base/jdk.internal.reflect.DelegatingMethodAccessorImpl.invoke(DelegatingMethodAccessorImpl.java:43)
	at java.base/java.lang.reflect.Method.invoke(Method.java:568)
	at org.testng.internal.invokers.MethodInvocationHelper.invokeMethod(MethodInvocationHelper.java:139)
	at org.testng.internal.invokers.TestInvoker.invokeMethod(TestInvoker.java:677)
	at org.testng.internal.invokers.TestInvoker.retryFailed(TestInvoker.java:263)
	at org.testng.internal.invokers.MethodRunner.runInSequence(MethodRunner.java:62)
	at org.testng.internal.invokers.TestInvoker$MethodInvocationAgent.invoke(TestInvoker.java:969)
	at org.testng.internal.invokers.TestInvoker.invokeTestMethods(TestInvoker.java:194)
	at org.testng.internal.invokers.TestMethodWorker.invokeTestMethods(TestMethodWorker.java:148)
	at org.testng.internal.invokers.TestMethodWorker.run(TestMethodWorker.java:128)
	at java.base/java.util.ArrayList.forEach(ArrayList.java:1511)
	at org.testng.TestRunner.privateRun(TestRunner.java:829)
	at org.testng.TestRunner.run(TestRunner.java:602)
	at org.testng.SuiteRunner.runTest(SuiteRunner.java:437)
	at org.testng.SuiteRunner.runSequentially(SuiteRunner.java:431)
	at org.testng.SuiteRunner.privateRun(SuiteRunner.java:391)
	at org.testng.SuiteRunner.run(SuiteRunner.java:330)
	at org.testng.SuiteRunnerWorker.runSuite(SuiteRunnerWorker.java:52)
	at org.testng.SuiteRunnerWorker.run(SuiteRunnerWorker.java:95)
	at org.testng.TestNG.runSuitesSequentially(TestNG.java:1256)
	at org.testng.TestNG.runSuitesLocally(TestNG.java:1176)
	at org.testng.TestNG.runSuites(TestNG.java:1099)
	at org.testng.TestNG.run(TestNG.java:1067)
	at org.apache.maven.surefire.testng.TestNGExecutor.run(TestNGExecutor.java:151)
	at org.apache.maven.surefire.testng.TestNGDirectoryTestSuite.executeMulti(TestNGDirectoryTestSuite.java:192)
	at org.apache.maven.surefire.testng.TestNGDirectoryTestSuite.execute(TestNGDirectoryTestSuite.java:93)
	at org.apache.maven.surefire.testng.TestNGProvider.invoke(TestNGProvider.java:155)
	at org.apache.maven.surefire.booter.ForkedBooter.runSuitesInProcess(ForkedBooter.java:456)
	at org.apache.maven.surefire.booter.ForkedBooter.execute(ForkedBooter.java:169)
	at org.apache.maven.surefire.booter.ForkedBooter.run(ForkedBooter.java:595)
	at org.apache.maven.surefire.booter.ForkedBooter.main(ForkedBooter.java:581)
</pre></div></td>
<td>0</td>
<td>vtiger.ContactsTest.POMCreateContactsWithOrgTest@7ed7259e</td></tr>
<tr>
<td title='vtiger.OrganizationsTests.CreateOrgWithMultipleDataTest.createOrgWithIndustry()'><b>createOrgWithIndustry</b><br>Test class: vtiger.OrganizationsTests.CreateOrgWithMultipleDataTest</td>
<td><div><pre>java.lang.RuntimeException: java.lang.NullPointerException: Cannot invoke &quot;org.apache.poi.ss.usermodel.Cell.getStringCellValue()&quot; because the return value of &quot;org.apache.poi.ss.usermodel.Row.getCell(int)&quot; is null
	at java.base/java.util.ArrayList.forEach(ArrayList.java:1511)
Caused by: java.lang.NullPointerException: Cannot invoke &quot;org.apache.poi.ss.usermodel.Cell.getStringCellValue()&quot; because the return value of &quot;org.apache.poi.ss.usermodel.Row.getCell(int)&quot; is null
	at vtiger.GenericUtilities.ExcelFileUtility.readMultipleData(ExcelFileUtility.java:111)
	at vtiger.OrganizationsTests.CreateOrgWithMultipleDataTest.getData(CreateOrgWithMultipleDataTest.java:35)
	... 30 more
... Removed 37 stack frames</pre></div><a href='#' onClick='toggleBox("stack-trace1890212065", this, "Click to show all stack frames", "Click to hide stack frames")'>Click to show all stack frames</a>
<div class='stack-trace' id='stack-trace1890212065'><pre>java.lang.RuntimeException: java.lang.NullPointerException: Cannot invoke &quot;org.apache.poi.ss.usermodel.Cell.getStringCellValue()&quot; because the return value of &quot;org.apache.poi.ss.usermodel.Row.getCell(int)&quot; is null
	at org.testng.internal.invokers.MethodInvocationHelper.invokeMethodNoCheckedException(MethodInvocationHelper.java:57)
	at org.testng.internal.invokers.MethodInvocationHelper.invokeDataProvider(MethodInvocationHelper.java:157)
	at org.testng.internal.Parameters.handleParameters(Parameters.java:803)
	at org.testng.internal.Parameters.handleParameters(Parameters.java:728)
	at org.testng.internal.invokers.ParameterHandler.handleParameters(ParameterHandler.java:72)
	at org.testng.internal.invokers.ParameterHandler.createParameters(ParameterHandler.java:51)
	at org.testng.internal.invokers.TestInvoker$MethodInvocationAgent.invoke(TestInvoker.java:924)
	at org.testng.internal.invokers.TestInvoker.invokeTestMethods(TestInvoker.java:194)
	at org.testng.internal.invokers.TestMethodWorker.invokeTestMethods(TestMethodWorker.java:148)
	at org.testng.internal.invokers.TestMethodWorker.run(TestMethodWorker.java:128)
	at java.base/java.util.ArrayList.forEach(ArrayList.java:1511)
	at org.testng.TestRunner.privateRun(TestRunner.java:829)
	at org.testng.TestRunner.run(TestRunner.java:602)
	at org.testng.SuiteRunner.runTest(SuiteRunner.java:437)
	at org.testng.SuiteRunner.runSequentially(SuiteRunner.java:431)
	at org.testng.SuiteRunner.privateRun(SuiteRunner.java:391)
	at org.testng.SuiteRunner.run(SuiteRunner.java:330)
	at org.testng.SuiteRunnerWorker.runSuite(SuiteRunnerWorker.java:52)
	at org.testng.SuiteRunnerWorker.run(SuiteRunnerWorker.java:95)
	at org.testng.TestNG.runSuitesSequentially(TestNG.java:1256)
	at org.testng.TestNG.runSuitesLocally(TestNG.java:1176)
	at org.testng.TestNG.runSuites(TestNG.java:1099)
	at org.testng.TestNG.run(TestNG.java:1067)
	at org.apache.maven.surefire.testng.TestNGExecutor.run(TestNGExecutor.java:151)
	at org.apache.maven.surefire.testng.TestNGDirectoryTestSuite.executeMulti(TestNGDirectoryTestSuite.java:192)
	at org.apache.maven.surefire.testng.TestNGDirectoryTestSuite.execute(TestNGDirectoryTestSuite.java:93)
	at org.apache.maven.surefire.testng.TestNGProvider.invoke(TestNGProvider.java:155)
	at org.apache.maven.surefire.booter.ForkedBooter.runSuitesInProcess(ForkedBooter.java:456)
	at org.apache.maven.surefire.booter.ForkedBooter.execute(ForkedBooter.java:169)
	at org.apache.maven.surefire.booter.ForkedBooter.run(ForkedBooter.java:595)
	at org.apache.maven.surefire.booter.ForkedBooter.main(ForkedBooter.java:581)
Caused by: java.lang.NullPointerException: Cannot invoke &quot;org.apache.poi.ss.usermodel.Cell.getStringCellValue()&quot; because the return value of &quot;org.apache.poi.ss.usermodel.Row.getCell(int)&quot; is null
	at vtiger.GenericUtilities.ExcelFileUtility.readMultipleData(ExcelFileUtility.java:111)
	at vtiger.OrganizationsTests.CreateOrgWithMultipleDataTest.getData(CreateOrgWithMultipleDataTest.java:35)
	at java.base/jdk.internal.reflect.NativeMethodAccessorImpl.invoke0(Native Method)
	at java.base/jdk.internal.reflect.NativeMethodAccessorImpl.invoke(NativeMethodAccessorImpl.java:77)
	at java.base/jdk.internal.reflect.DelegatingMethodAccessorImpl.invoke(DelegatingMethodAccessorImpl.java:43)
	at java.base/java.lang.reflect.Method.invoke(Method.java:568)
	at org.testng.internal.invokers.MethodInvocationHelper.invokeMethod(MethodInvocationHelper.java:139)
	at org.testng.internal.invokers.MethodInvocationHelper.invokeMethod(MethodInvocationHelper.java:84)
	at org.testng.internal.invokers.MethodInvocationHelper.invokeMethodNoCheckedException(MethodInvocationHelper.java:53)
	... 30 more
</pre></div></td>
<td>0</td>
<td>vtiger.OrganizationsTests.CreateOrgWithMultipleDataTest@3c407114</td></tr>
</table><p>
<table width='100%' border='1' class='invocation-passed'>
<tr><td colspan='4' align='center'><b>PASSED TESTS</b></td></tr>
<tr><td><b>Test method</b></td>
<td><b>Attribute(s)</b></td>
<td width="30%"><b>Exception</b></td>
<td width="10%"><b>Time (seconds)</b></td>
<td><b>Instance</b></td>
</tr>
<tr>
<td title='practice.TestNGPractice.updateUser()'><b>updateUser</b><br>Test class: practice.TestNGPractice</td>
<td></td>
<td>0</td>
<td>practice.TestNGPractice@5a63f509</td></tr>
<tr>
<td title='vtiger.createOpportunityWithOrg.CreateOppWithContactTest.createOppWithContTest()'><b>createOppWithContTest</b><br>Test class: vtiger.createOpportunityWithOrg.CreateOppWithContactTest<br/>
<a href="#Output-1733354369" onClick='toggleBox("Output-1733354369", this, "Show output", "Hide output");'>Show output</a>

<a href="#Output-1733354369" onClick="toggleAllBoxes();">Show all outputs</a>
<div class='log' id="Output-1733354369">
click on organization link created successfully<br/>
click on org button from org page created successfully<br/>
creating org with org name successfully<br/>
organization created successfully<br/>
click on contacts created successfully<br/>
click on contacts button created successfully<br/>
create contacts with last name and org name successfully<br/>
contact created successfully<br/>
click on opportunity link created successfully<br/>
click on opp img created successfully<br/>
create opportunity with orgname created successfully<br/>
opportunity with orgname created<br/>
</div>
</td>
<td></td>
<td>27</td>
<td>vtiger.createOpportunityWithOrg.CreateOppWithContactTest@28eaa59a</td></tr>
<tr>
<td title='practice.TestNGPractice.createUser()'><b>createUser</b><br>Test class: practice.TestNGPractice</td>
<td></td>
<td>0</td>
<td>practice.TestNGPractice@5a63f509</td></tr>
<tr>
<td title='vtiger.createOpportunityWithOrg.CreateOppWithOrgTest.createOppWithOTest()'><b>createOppWithOTest</b><br>Test class: vtiger.createOpportunityWithOrg.CreateOppWithOrgTest<br/>
<a href="#Output-249267192" onClick='toggleBox("Output-249267192", this, "Show output", "Hide output");'>Show output</a>

<a href="#Output-249267192" onClick="toggleAllBoxes();">Show all outputs</a>
<div class='log' id="Output-249267192">
Organization created successfully<br/>
opportunity created<br/>
</div>
</td>
<td></td>
<td>17</td>
<td>vtiger.createOpportunityWithOrg.CreateOppWithOrgTest@3427b02d</td></tr>
<tr>
<td title='practice.TestNGPractice.createUser()'><b>createUser</b><br>Test class: practice.TestNGPractice</td>
<td></td>
<td>0</td>
<td>practice.TestNGPractice@5a63f509</td></tr>
<tr>
<td title='vtiger.CreateVendorWithCampaign$Product.CreateTroubleTicketsWithProductAndOrgTest.createTroubleTicket()'><b>createTroubleTicket</b><br>Test class: vtiger.CreateVendorWithCampaign$Product.CreateTroubleTicketsWithProductAndOrgTest<br/>
<a href="#Output-882851831" onClick='toggleBox("Output-882851831", this, "Show output", "Hide output");'>Show output</a>

<a href="#Output-882851831" onClick="toggleAllBoxes();">Show all outputs</a>
<div class='log' id="Output-882851831">
click on organization link created successfully<br/>
click on org button from org page created successfully<br/>
creating org with org name successfully<br/>
Organization is created<br/>
click on contacts created successful<br/>
click on contacts button successful<br/>
create contacts with last name and org name successful<br/>
contact is created<br/>
click on product link created successful<br/>
click on product img created successful<br/>
Product created<br/>
click on Trouble Ticket successful<br/>
click on Trouble Ticket img successful<br/>
Ticket created successfully<br/>
</div>
</td>
<td></td>
<td>35</td>
<td>vtiger.CreateVendorWithCampaign$Product.CreateTroubleTicketsWithProductAndOrgTest@647e447</td></tr>
<tr>
<td title='vtiger.CreateVendorWithCampaign$Product.CreateVendorWithCampProductTest.createVenWithCampAndProduct()'><b>createVenWithCampAndProduct</b><br>Test class: vtiger.CreateVendorWithCampaign$Product.CreateVendorWithCampProductTest<br/>
<a href="#Output-2073830279" onClick='toggleBox("Output-2073830279", this, "Show output", "Hide output");'>Show output</a>

<a href="#Output-2073830279" onClick="toggleAllBoxes();">Show all outputs</a>
<div class='log' id="Output-2073830279">
click on vendor link created successfully<br/>
click on vendor img created successfully<br/>
create vendor with GL Account created successfully<br/>
Vendor created successfully<br/>
product created sucessfully<br/>
Campaign created with product<br/>
</div>
</td>
<td></td>
<td>25</td>
<td>vtiger.CreateVendorWithCampaign$Product.CreateVendorWithCampProductTest@41fbdac4</td></tr>
<tr>
<td title='practice.TestNGPractice.deleteUser()'><b>deleteUser</b><br>Test class: practice.TestNGPractice</td>
<td></td>
<td>0</td>
<td>practice.TestNGPractice@5a63f509</td></tr>
<tr>
<td title='vtiger.ContactsTest.POMCreateContactsWithOrgTest.createContactWithOrgTest()'><b>createContactWithOrgTest</b><br>Test class: vtiger.ContactsTest.POMCreateContactsWithOrgTest<br/>
<a href="#Output-1131673199" onClick='toggleBox("Output-1131673199", this, "Show output", "Hide output");'>Show output</a>

<a href="#Output-1131673199" onClick="toggleAllBoxes();">Show all outputs</a>
<div class='log' id="Output-1131673199">
organization created<br/>
contact created<br/>
</div>
</td>
<td></td>
<td>17</td>
<td>vtiger.ContactsTest.POMCreateContactsWithOrgTest@7ed7259e</td></tr>
<tr>
<td title='vtiger.ContactsTest.CreateContactsWithOrganizationTest.createContactWithOrgTest()'><b>createContactWithOrgTest</b><br>Test class: vtiger.ContactsTest.CreateContactsWithOrganizationTest</td>
<td></td>
<td>25</td>
<td>vtiger.ContactsTest.CreateContactsWithOrganizationTest@a9cd3b1</td></tr>
<tr>
<td title='vtiger.ProductsTest.CreateProductWithCampaignTest.createProductTest()'><b>createProductTest</b><br>Test class: vtiger.ProductsTest.CreateProductWithCampaignTest<br/>
<a href="#Output-1293326171" onClick='toggleBox("Output-1293326171", this, "Show output", "Hide output");'>Show output</a>

<a href="#Output-1293326171" onClick="toggleAllBoxes();">Show all outputs</a>
<div class='log' id="Output-1293326171">
Product created<br/>
[ CAM35 ] Qspider - Campaign Information Campaign created with product<br/>
</div>
</td>
<td></td>
<td>15</td>
<td>vtiger.ProductsTest.CreateProductWithCampaignTest@35ef1869</td></tr>
</table><p>
<table width='100%' border='1' class='invocation-skipped'>
<tr><td colspan='4' align='center'><b>SKIPPED TESTS</b></td></tr>
<tr><td><b>Test method</b></td>
<td><b>Attribute(s)</b></td>
<td width="30%"><b>Exception</b></td>
<td width="10%"><b>Time (seconds)</b></td>
<td><b>Instance</b></td>
</tr>
<tr>
<td title='vtiger.ContactsTest.POMCreateContactsWithOrgTest.regional()'><b>regional</b><br>Test class: vtiger.ContactsTest.POMCreateContactsWithOrgTest</td>
<td><div><pre>java.lang.AssertionError: null
	at vtiger.ContactsTest.POMCreateContactsWithOrgTest.regional(POMCreateContactsWithOrgTest.java:86)
	at java.base/java.util.ArrayList.forEach(ArrayList.java:1511)
... Removed 34 stack frames</pre></div><a href='#' onClick='toggleBox("stack-trace636886060", this, "Click to show all stack frames", "Click to hide stack frames")'>Click to show all stack frames</a>
<div class='stack-trace' id='stack-trace636886060'><pre>java.lang.AssertionError: null
	at org.testng.Assert.fail(Assert.java:110)
	at org.testng.Assert.fail(Assert.java:115)
	at vtiger.ContactsTest.POMCreateContactsWithOrgTest.regional(POMCreateContactsWithOrgTest.java:86)
	at java.base/jdk.internal.reflect.NativeMethodAccessorImpl.invoke0(Native Method)
	at java.base/jdk.internal.reflect.NativeMethodAccessorImpl.invoke(NativeMethodAccessorImpl.java:77)
	at java.base/jdk.internal.reflect.DelegatingMethodAccessorImpl.invoke(DelegatingMethodAccessorImpl.java:43)
	at java.base/java.lang.reflect.Method.invoke(Method.java:568)
	at org.testng.internal.invokers.MethodInvocationHelper.invokeMethod(MethodInvocationHelper.java:139)
	at org.testng.internal.invokers.TestInvoker.invokeMethod(TestInvoker.java:677)
	at org.testng.internal.invokers.TestInvoker.retryFailed(TestInvoker.java:263)
	at org.testng.internal.invokers.MethodRunner.runInSequence(MethodRunner.java:62)
	at org.testng.internal.invokers.TestInvoker$MethodInvocationAgent.invoke(TestInvoker.java:969)
	at org.testng.internal.invokers.TestInvoker.invokeTestMethods(TestInvoker.java:194)
	at org.testng.internal.invokers.TestMethodWorker.invokeTestMethods(TestMethodWorker.java:148)
	at org.testng.internal.invokers.TestMethodWorker.run(TestMethodWorker.java:128)
	at java.base/java.util.ArrayList.forEach(ArrayList.java:1511)
	at org.testng.TestRunner.privateRun(TestRunner.java:829)
	at org.testng.TestRunner.run(TestRunner.java:602)
	at org.testng.SuiteRunner.runTest(SuiteRunner.java:437)
	at org.testng.SuiteRunner.runSequentially(SuiteRunner.java:431)
	at org.testng.SuiteRunner.privateRun(SuiteRunner.java:391)
	at org.testng.SuiteRunner.run(SuiteRunner.java:330)
	at org.testng.SuiteRunnerWorker.runSuite(SuiteRunnerWorker.java:52)
	at org.testng.SuiteRunnerWorker.run(SuiteRunnerWorker.java:95)
	at org.testng.TestNG.runSuitesSequentially(TestNG.java:1256)
	at org.testng.TestNG.runSuitesLocally(TestNG.java:1176)
	at org.testng.TestNG.runSuites(TestNG.java:1099)
	at org.testng.TestNG.run(TestNG.java:1067)
	at org.apache.maven.surefire.testng.TestNGExecutor.run(TestNGExecutor.java:151)
	at org.apache.maven.surefire.testng.TestNGDirectoryTestSuite.executeMulti(TestNGDirectoryTestSuite.java:192)
	at org.apache.maven.surefire.testng.TestNGDirectoryTestSuite.execute(TestNGDirectoryTestSuite.java:93)
	at org.apache.maven.surefire.testng.TestNGProvider.invoke(TestNGProvider.java:155)
	at org.apache.maven.surefire.booter.ForkedBooter.runSuitesInProcess(ForkedBooter.java:456)
	at org.apache.maven.surefire.booter.ForkedBooter.execute(ForkedBooter.java:169)
	at org.apache.maven.surefire.booter.ForkedBooter.run(ForkedBooter.java:595)
	at org.apache.maven.surefire.booter.ForkedBooter.main(ForkedBooter.java:581)
</pre></div></td>
<td>0</td>
<td>vtiger.ContactsTest.POMCreateContactsWithOrgTest@7ed7259e</td></tr>
<tr>
<td title='vtiger.ContactsTest.POMCreateContactsWithOrgTest.regional()'><b>regional</b><br>Test class: vtiger.ContactsTest.POMCreateContactsWithOrgTest</td>
<td><div><pre>java.lang.AssertionError: null
	at vtiger.ContactsTest.POMCreateContactsWithOrgTest.regional(POMCreateContactsWithOrgTest.java:86)
	at java.base/java.util.ArrayList.forEach(ArrayList.java:1511)
... Removed 34 stack frames</pre></div><a href='#' onClick='toggleBox("stack-trace513113647", this, "Click to show all stack frames", "Click to hide stack frames")'>Click to show all stack frames</a>
<div class='stack-trace' id='stack-trace513113647'><pre>java.lang.AssertionError: null
	at org.testng.Assert.fail(Assert.java:110)
	at org.testng.Assert.fail(Assert.java:115)
	at vtiger.ContactsTest.POMCreateContactsWithOrgTest.regional(POMCreateContactsWithOrgTest.java:86)
	at java.base/jdk.internal.reflect.NativeMethodAccessorImpl.invoke0(Native Method)
	at java.base/jdk.internal.reflect.NativeMethodAccessorImpl.invoke(NativeMethodAccessorImpl.java:77)
	at java.base/jdk.internal.reflect.DelegatingMethodAccessorImpl.invoke(DelegatingMethodAccessorImpl.java:43)
	at java.base/java.lang.reflect.Method.invoke(Method.java:568)
	at org.testng.internal.invokers.MethodInvocationHelper.invokeMethod(MethodInvocationHelper.java:139)
	at org.testng.internal.invokers.TestInvoker.invokeMethod(TestInvoker.java:677)
	at org.testng.internal.invokers.TestInvoker.retryFailed(TestInvoker.java:263)
	at org.testng.internal.invokers.MethodRunner.runInSequence(MethodRunner.java:62)
	at org.testng.internal.invokers.TestInvoker$MethodInvocationAgent.invoke(TestInvoker.java:969)
	at org.testng.internal.invokers.TestInvoker.invokeTestMethods(TestInvoker.java:194)
	at org.testng.internal.invokers.TestMethodWorker.invokeTestMethods(TestMethodWorker.java:148)
	at org.testng.internal.invokers.TestMethodWorker.run(TestMethodWorker.java:128)
	at java.base/java.util.ArrayList.forEach(ArrayList.java:1511)
	at org.testng.TestRunner.privateRun(TestRunner.java:829)
	at org.testng.TestRunner.run(TestRunner.java:602)
	at org.testng.SuiteRunner.runTest(SuiteRunner.java:437)
	at org.testng.SuiteRunner.runSequentially(SuiteRunner.java:431)
	at org.testng.SuiteRunner.privateRun(SuiteRunner.java:391)
	at org.testng.SuiteRunner.run(SuiteRunner.java:330)
	at org.testng.SuiteRunnerWorker.runSuite(SuiteRunnerWorker.java:52)
	at org.testng.SuiteRunnerWorker.run(SuiteRunnerWorker.java:95)
	at org.testng.TestNG.runSuitesSequentially(TestNG.java:1256)
	at org.testng.TestNG.runSuitesLocally(TestNG.java:1176)
	at org.testng.TestNG.runSuites(TestNG.java:1099)
	at org.testng.TestNG.run(TestNG.java:1067)
	at org.apache.maven.surefire.testng.TestNGExecutor.run(TestNGExecutor.java:151)
	at org.apache.maven.surefire.testng.TestNGDirectoryTestSuite.executeMulti(TestNGDirectoryTestSuite.java:192)
	at org.apache.maven.surefire.testng.TestNGDirectoryTestSuite.execute(TestNGDirectoryTestSuite.java:93)
	at org.apache.maven.surefire.testng.TestNGProvider.invoke(TestNGProvider.java:155)
	at org.apache.maven.surefire.booter.ForkedBooter.runSuitesInProcess(ForkedBooter.java:456)
	at org.apache.maven.surefire.booter.ForkedBooter.execute(ForkedBooter.java:169)
	at org.apache.maven.surefire.booter.ForkedBooter.run(ForkedBooter.java:595)
	at org.apache.maven.surefire.booter.ForkedBooter.main(ForkedBooter.java:581)
</pre></div></td>
<td>0</td>
<td>vtiger.ContactsTest.POMCreateContactsWithOrgTest@7ed7259e</td></tr>
<tr>
<td title='vtiger.ContactsTest.POMCreateContactsWithOrgTest.regional()'><b>regional</b><br>Test class: vtiger.ContactsTest.POMCreateContactsWithOrgTest</td>
<td><div><pre>java.lang.AssertionError: null
	at vtiger.ContactsTest.POMCreateContactsWithOrgTest.regional(POMCreateContactsWithOrgTest.java:86)
	at java.base/java.util.ArrayList.forEach(ArrayList.java:1511)
... Removed 34 stack frames</pre></div><a href='#' onClick='toggleBox("stack-trace428468422", this, "Click to show all stack frames", "Click to hide stack frames")'>Click to show all stack frames</a>
<div class='stack-trace' id='stack-trace428468422'><pre>java.lang.AssertionError: null
	at org.testng.Assert.fail(Assert.java:110)
	at org.testng.Assert.fail(Assert.java:115)
	at vtiger.ContactsTest.POMCreateContactsWithOrgTest.regional(POMCreateContactsWithOrgTest.java:86)
	at java.base/jdk.internal.reflect.NativeMethodAccessorImpl.invoke0(Native Method)
	at java.base/jdk.internal.reflect.NativeMethodAccessorImpl.invoke(NativeMethodAccessorImpl.java:77)
	at java.base/jdk.internal.reflect.DelegatingMethodAccessorImpl.invoke(DelegatingMethodAccessorImpl.java:43)
	at java.base/java.lang.reflect.Method.invoke(Method.java:568)
	at org.testng.internal.invokers.MethodInvocationHelper.invokeMethod(MethodInvocationHelper.java:139)
	at org.testng.internal.invokers.TestInvoker.invokeMethod(TestInvoker.java:677)
	at org.testng.internal.invokers.TestInvoker.invokeTestMethod(TestInvoker.java:221)
	at org.testng.internal.invokers.MethodRunner.runInSequence(MethodRunner.java:50)
	at org.testng.internal.invokers.TestInvoker$MethodInvocationAgent.invoke(TestInvoker.java:969)
	at org.testng.internal.invokers.TestInvoker.invokeTestMethods(TestInvoker.java:194)
	at org.testng.internal.invokers.TestMethodWorker.invokeTestMethods(TestMethodWorker.java:148)
	at org.testng.internal.invokers.TestMethodWorker.run(TestMethodWorker.java:128)
	at java.base/java.util.ArrayList.forEach(ArrayList.java:1511)
	at org.testng.TestRunner.privateRun(TestRunner.java:829)
	at org.testng.TestRunner.run(TestRunner.java:602)
	at org.testng.SuiteRunner.runTest(SuiteRunner.java:437)
	at org.testng.SuiteRunner.runSequentially(SuiteRunner.java:431)
	at org.testng.SuiteRunner.privateRun(SuiteRunner.java:391)
	at org.testng.SuiteRunner.run(SuiteRunner.java:330)
	at org.testng.SuiteRunnerWorker.runSuite(SuiteRunnerWorker.java:52)
	at org.testng.SuiteRunnerWorker.run(SuiteRunnerWorker.java:95)
	at org.testng.TestNG.runSuitesSequentially(TestNG.java:1256)
	at org.testng.TestNG.runSuitesLocally(TestNG.java:1176)
	at org.testng.TestNG.runSuites(TestNG.java:1099)
	at org.testng.TestNG.run(TestNG.java:1067)
	at org.apache.maven.surefire.testng.TestNGExecutor.run(TestNGExecutor.java:151)
	at org.apache.maven.surefire.testng.TestNGDirectoryTestSuite.executeMulti(TestNGDirectoryTestSuite.java:192)
	at org.apache.maven.surefire.testng.TestNGDirectoryTestSuite.execute(TestNGDirectoryTestSuite.java:93)
	at org.apache.maven.surefire.testng.TestNGProvider.invoke(TestNGProvider.java:155)
	at org.apache.maven.surefire.booter.ForkedBooter.runSuitesInProcess(ForkedBooter.java:456)
	at org.apache.maven.surefire.booter.ForkedBooter.execute(ForkedBooter.java:169)
	at org.apache.maven.surefire.booter.ForkedBooter.run(ForkedBooter.java:595)
	at org.apache.maven.surefire.booter.ForkedBooter.main(ForkedBooter.java:581)
</pre></div></td>
<td>0</td>
<td>vtiger.ContactsTest.POMCreateContactsWithOrgTest@7ed7259e</td></tr>
</table><p>
</body>
</html>